*** Booting Zephyr OS build v4.2.0 ***
Running TESTSUITE battery_sense_suite
===================================================================
START - test_init
 PASS - test_init in 0.000 seconds
===================================================================
START - test_is_connected
raw_value_ = 2100
 PASS - test_is_connected in 0.000 seconds
===================================================================
START - test_sample_ramp
raw_value_ = 1425
raw_value_ = 1450
raw_value_ = 1475
raw_value_ = 1500
raw_value_ = 1525
 PASS - test_sample_ramp in 0.000 seconds
===================================================================
START - test_sample_returns_valid_voltage
raw_value_ = 1550
 PASS - test_sample_returns_valid_voltage in 0.000 seconds
===================================================================
TESTSUITE battery_sense_suite succeeded

------ TESTSUITE SUMMARY START ------

SUITE PASS - 100.00% [battery_sense_suite]: pass = 4, fail = 0, skip = 0, total = 4 duration = 0.000 seconds
 - PASS - [battery_sense_suite.test_init] duration = 0.000 seconds
 - PASS - [battery_sense_suite.test_is_connected] duration = 0.000 seconds
 - PASS - [battery_sense_suite.test_sample_ramp] duration = 0.000 seconds
 - PASS - [battery_sense_suite.test_sample_returns_valid_voltage] duration = 0.000 seconds

------ TESTSUITE SUMMARY END ------

===================================================================
RunID: 3417e82c465931940b6615febaff9126
PROJECT EXECUTION SUCCESSFUL
