Loading Zephyr default modules (Zephyr base).
-- Application: /home/pavel/Projects/LoRaGro/FW-LoRaGro/tests/sensors
-- CMake version: 3.31.8
-- Found Python3: /home/pavel/.zephyr_ide/.venv/bin/python3 (found suitable version "3.10.12", minimum required is "3.10") found components: Interpreter
-- Cache files will be written to: /home/pavel/.cache/zephyr
-- Zephyr version: 4.2.0 (/home/pavel/.zephyr_ide/external/zephyr)
-- Found west (found suitable version "1.5.0", minimum required is "0.14.0")
-- Board: native_sim, qualifiers: native
-- Found host-tools: zephyr 0.17.3 (/home/pavel/.zephyr_ide/toolchains/zephyr-sdk-0.17.3)
-- Found toolchain: host (gcc/ld)
-- Found Dtc: /usr/bin/dtc (found suitable version "1.6.1", minimum required is "1.4.6")
-- Found BOARD.dts: /home/pavel/.zephyr_ide/external/zephyr/boards/native/native_sim/native_sim.dts
-- Found devicetree overlay: /home/pavel/Projects/LoRaGro/FW-LoRaGro/tests/sensors/boards/native_sim.overlay
-- Generated zephyr.dts: /home/pavel/Projects/LoRaGro/FW-LoRaGro/twister-out/native_sim_native/host/sensors/soil_capacitive_adapter.basic/zephyr/zephyr.dts
-- Generated pickled edt: /home/pavel/Projects/LoRaGro/FW-LoRaGro/twister-out/native_sim_native/host/sensors/soil_capacitive_adapter.basic/zephyr/edt.pickle
-- Generated devicetree_generated.h: /home/pavel/Projects/LoRaGro/FW-LoRaGro/twister-out/native_sim_native/host/sensors/soil_capacitive_adapter.basic/zephyr/include/generated/zephyr/devicetree_generated.h

warning: I2C_EMUL (defined at drivers/i2c/Kconfig.i2c_emul:4) was assigned the value 'y' but got the
value 'n'. Check these unsatisfied dependencies: EMUL (=n). See
http://docs.zephyrproject.org/latest/kconfig.html#CONFIG_I2C_EMUL and/or look up I2C_EMUL in the
menuconfig/guiconfig interface. The Application Development Primer, Setting Configuration Values,
and Kconfig - Tips and Best Practices sections of the manual might be helpful too.


warning: Deprecated symbol TINYCRYPT is enabled.

Parsing /home/pavel/.zephyr_ide/external/zephyr/Kconfig
Loaded configuration '/home/pavel/.zephyr_ide/external/zephyr/boards/native/native_sim/native_sim_defconfig'
Merged configuration '/home/pavel/Projects/LoRaGro/FW-LoRaGro/tests/sensors/prj.conf'
Merged configuration '/home/pavel/Projects/LoRaGro/FW-LoRaGro/twister-out/native_sim_native/host/sensors/soil_capacitive_adapter.basic/zephyr/misc/generated/extra_kconfig_options.conf'
Configuration saved to '/home/pavel/Projects/LoRaGro/FW-LoRaGro/twister-out/native_sim_native/host/sensors/soil_capacitive_adapter.basic/zephyr/.config'
Kconfig header saved to '/home/pavel/Projects/LoRaGro/FW-LoRaGro/twister-out/native_sim_native/host/sensors/soil_capacitive_adapter.basic/zephyr/include/generated/zephyr/autoconf.h'
-- Found GnuLd: /usr/bin/ld.bfd (found version "2.38")
-- The C compiler identification is GNU 11.4.0
-- The CXX compiler identification is GNU 11.4.0
-- The ASM compiler identification is GNU
-- Found assembler: /usr/bin/gcc
-- Using ccache: /usr/bin/ccache
-- Found gen_kobject_list: /home/pavel/.zephyr_ide/external/zephyr/scripts/build/gen_kobject_list.py
-- Configuring done (6.5s)
-- Generating done (0.2s)
CMake Warning:
  Manually-specified variables were not used by the project:

    TC_NAME


-- Build files have been written to: /home/pavel/Projects/LoRaGro/FW-LoRaGro/twister-out/native_sim_native/host/sensors/soil_capacitive_adapter.basic
[1/145] Preparing syscall dependency handling

[2/145] Generating include/generated/zephyr/version.h
-- Zephyr version: 4.2.0 (/home/pavel/.zephyr_ide/external/zephyr), build: v4.2.0
[3/145] Generating misc/generated/syscalls_subdirs.trigger
[4/145] Generating misc/generated/syscalls.json, misc/generated/struct_tags.json
[5/145] Generating include/generated/device-api-sections.ld, include/generated/device-api-sections.cmake
[6/145] Generating include/generated/zephyr/kobj-types-enum.h, include/generated/zephyr/otype-to-str.h, include/generated/zephyr/otype-to-size.h
[7/145] Generating include/generated/zephyr/syscall_dispatch.c, include/generated/zephyr/syscall_exports_llext.c, syscall_weakdefs_llext.c, include/generated/zephyr/syscall_list.h
[8/145] Generating include/generated/zephyr/driver-validation.h
[9/145] Building C object zephyr/CMakeFiles/offsets.dir/arch/posix/core/offsets/offsets.c.obj
[10/145] Generating include/generated/zephyr/offsets.h
[11/145] Building C object zephyr/CMakeFiles/zephyr.dir/lib/crc/crc32c_sw.c.obj
[12/145] Building C object zephyr/CMakeFiles/zephyr.dir/lib/crc/crc32k_4_2_sw.c.obj
[13/145] Building C object zephyr/CMakeFiles/zephyr.dir/lib/crc/crc32_sw.c.obj
[14/145] Building C object zephyr/CMakeFiles/zephyr.dir/lib/crc/crc24_sw.c.obj
[15/145] Building C object zephyr/CMakeFiles/zephyr.dir/lib/crc/crc16_sw.c.obj
[16/145] Building C object zephyr/CMakeFiles/zephyr.dir/lib/crc/crc7_sw.c.obj
[17/145] Building C object zephyr/CMakeFiles/zephyr.dir/lib/crc/crc8_sw.c.obj
[18/145] Building C object zephyr/CMakeFiles/zephyr.dir/lib/crc/crc4_sw.c.obj
[19/145] Building CXX object CMakeFiles/app.dir/test_soil_capacitive_adapter.cpp.obj
[20/145] Building C object zephyr/CMakeFiles/zephyr.dir/lib/cpp/abi/cpp_dtors.c.obj
[21/145] Building C object zephyr/CMakeFiles/zephyr.dir/lib/os/cbprintf_complete.c.obj
[22/145] Building C object zephyr/CMakeFiles/zephyr.dir/lib/os/thread_entry.c.obj
[23/145] Building C object zephyr/CMakeFiles/zephyr.dir/lib/os/sem.c.obj
[24/145] Building C object zephyr/CMakeFiles/zephyr.dir/lib/os/cbprintf_packaged.c.obj
[25/145] Building C object zephyr/CMakeFiles/zephyr.dir/lib/os/assert.c.obj
[26/145] Building C object zephyr/CMakeFiles/zephyr.dir/lib/os/printk.c.obj
[27/145] Building C object zephyr/CMakeFiles/zephyr.dir/lib/heap/heap.c.obj
[28/145] Building C object zephyr/CMakeFiles/zephyr.dir/lib/os/cbprintf.c.obj
[29/145] Building CXX object CMakeFiles/app.dir/test_battery_sense.cpp.obj
[30/145] Building C object zephyr/CMakeFiles/zephyr.dir/lib/os/clock.c.obj
[31/145] Building C object zephyr/CMakeFiles/zephyr.dir/misc/generated/configs.c.obj
[32/145] Building C object zephyr/CMakeFiles/zephyr.dir/lib/utils/dec.c.obj
[33/145] Building C object zephyr/CMakeFiles/zephyr.dir/lib/utils/rb.c.obj
[34/145] Building C object zephyr/CMakeFiles/zephyr.dir/lib/utils/timeutil.c.obj
[35/145] Building C object zephyr/CMakeFiles/zephyr.dir/lib/utils/hex.c.obj
[36/145] Building C object zephyr/CMakeFiles/zephyr.dir/lib/utils/ring_buffer.c.obj
[37/145] Building C object zephyr/CMakeFiles/zephyr.dir/lib/utils/bitarray.c.obj
[38/145] Building C object zephyr/CMakeFiles/zephyr.dir/subsys/logging/log_mgmt.c.obj
[39/145] Building C object zephyr/CMakeFiles/zephyr.dir/subsys/stats/stats.c.obj
[40/145] Building C object zephyr/CMakeFiles/zephyr.dir/subsys/logging/backends/log_backend_native_posix.c.obj
[41/145] Building C object zephyr/CMakeFiles/zephyr.dir/subsys/logging/log_cache.c.obj
[42/145] Building C object zephyr/CMakeFiles/zephyr.dir/subsys/logging/log_core.c.obj
[43/145] Building C object zephyr/CMakeFiles/zephyr.dir/subsys/fs/nvs/nvs.c.obj
[44/145] Building C object zephyr/CMakeFiles/zephyr.dir/subsys/storage/flash_map/flash_map.c.obj
[45/145] Building C object zephyr/CMakeFiles/zephyr.dir/subsys/logging/log_msg.c.obj
[46/145] Building C object zephyr/CMakeFiles/zephyr.dir/home/pavel/.zephyr_ide/external/modules/crypto/tinycrypt/lib/source/utils.c.obj
[47/145] Building C object zephyr/CMakeFiles/zephyr.dir/home/pavel/.zephyr_ide/external/modules/crypto/tinycrypt/lib/source/aes_decrypt.c.obj
[48/145] Building C object zephyr/CMakeFiles/zephyr.dir/home/pavel/.zephyr_ide/external/modules/crypto/tinycrypt/lib/source/cmac_mode.c.obj
[49/145] Building C object zephyr/CMakeFiles/zephyr.dir/home/pavel/.zephyr_ide/external/modules/crypto/tinycrypt/lib/source/aes_encrypt.c.obj
[50/145] Building C object zephyr/CMakeFiles/zephyr.dir/subsys/storage/flash_map/flash_map_layout.c.obj
[51/145] Building C object zephyr/CMakeFiles/zephyr.dir/subsys/logging/log_output.c.obj
[52/145] Building C object zephyr/CMakeFiles/zephyr.dir/subsys/storage/flash_map/flash_map_default.c.obj
[53/145] Generating linker_zephyr_pre0.cmd
[54/145] Building C object zephyr/arch/arch/posix/core/CMakeFiles/arch__posix__core.dir/posix_core_nsi.c.obj
[55/145] Building C object zephyr/arch/arch/posix/core/CMakeFiles/arch__posix__core.dir/irq.c.obj
[56/145] Building C object zephyr/CMakeFiles/zephyr.dir/subsys/tracing/tracing_none.c.obj
[57/145] Building C object zephyr/CMakeFiles/zephyr_pre0.dir/misc/empty_file.c.obj
[58/145] Building C object zephyr/CMakeFiles/zephyr.dir/drivers/flash/flash_util.c.obj
[59/145] Building C object zephyr/soc/soc/native/CMakeFiles/soc__native__inf_clock.dir/native_tasks.c.obj
[60/145] Building C object zephyr/soc/soc/native/CMakeFiles/soc__native__inf_clock.dir/native_remap.c.obj
[61/145] Building C object zephyr/boards/native/native_sim/CMakeFiles/boards__native__native_sim.dir/cmdline.c.obj
[62/145] Building C object zephyr/arch/arch/posix/core/CMakeFiles/arch__posix__core.dir/cpuhalt.c.obj
[63/145] Building C object zephyr/arch/arch/posix/core/CMakeFiles/arch__posix__core.dir/thread.c.obj
[64/145] Linking C static library zephyr/libzephyr.a
[65/145] Building C object zephyr/arch/arch/posix/core/CMakeFiles/arch__posix__core.dir/fatal.c.obj
[66/145] Building C object zephyr/boards/native/native_sim/CMakeFiles/boards__native__native_sim.dir/cpu_wait.c.obj
[67/145] Building C object zephyr/boards/native/native_sim/CMakeFiles/boards__native__native_sim.dir/posix_arch_if.c.obj
[68/145] Building C object zephyr/boards/native/native_sim/CMakeFiles/boards__native__native_sim.dir/misc.c.obj
[69/145] Building C object zephyr/soc/soc/native/CMakeFiles/soc__native__inf_clock.dir/soc.c.obj
[70/145] Building CXX object CMakeFiles/app.dir/test_co2_sensor_adapter.cpp.obj
[71/145] Building C object zephyr/arch/arch/posix/core/CMakeFiles/arch__posix__core.dir/swap.c.obj
[72/145] Linking C static library zephyr/soc/soc/native/libsoc__native__inf_clock.a
[73/145] Linking C static library zephyr/arch/arch/posix/core/libarch__posix__core.a
[74/145] Building C object zephyr/boards/native/native_sim/CMakeFiles/boards__native__native_sim.dir/nsi_if.c.obj
[75/145] Linking CXX static library app/libapp.a
[76/145] Building C object zephyr/subsys/testsuite/ztest/CMakeFiles/subsys__testsuite__ztest.dir/src/ztest_posix.c.obj
[77/145] Building C object zephyr/drivers/adc/CMakeFiles/drivers__adc.dir/adc_common.c.obj
[78/145] Building C object zephyr/boards/native/native_sim/CMakeFiles/boards__native__native_sim.dir/irq_handler.c.obj
[79/145] Building C object zephyr/subsys/testsuite/ztest/CMakeFiles/subsys__testsuite__ztest.dir/src/ztest_error_hook.c.obj
[80/145] Linking C static library zephyr/boards/native/native_sim/libboards__native__native_sim.a
[81/145] Building C object zephyr/drivers/flash/CMakeFiles/drivers__flash.dir/flash_page_layout.c.obj
[82/145] Building C object zephyr/subsys/testsuite/ztest/CMakeFiles/subsys__testsuite__ztest.dir/src/ztest_rules.c.obj
[83/145] Building C object zephyr/drivers/console/CMakeFiles/drivers__console.dir/posix_arch_console.c.obj
[84/145] Building C object zephyr/drivers/adc/CMakeFiles/drivers__adc.dir/adc_emul.c.obj
[85/145] Building C object zephyr/drivers/gpio/CMakeFiles/drivers__gpio.dir/gpio_emul.c.obj
[86/145] Linking C static library zephyr/drivers/console/libdrivers__console.a
[87/145] Linking C static library zephyr/drivers/adc/libdrivers__adc.a
[88/145] Linking C static library zephyr/drivers/gpio/libdrivers__gpio.a
[89/145] Building C object zephyr/drivers/i2c/CMakeFiles/drivers__i2c.dir/i2c_common.c.obj
[90/145] Building C object zephyr/drivers/timer/CMakeFiles/drivers__timer.dir/native_sim_timer.c.obj
[91/145] Building C object zephyr/drivers/timer/CMakeFiles/drivers__timer.dir/sys_clock_init.c.obj
[92/145] Linking C static library zephyr/drivers/i2c/libdrivers__i2c.a
[93/145] Building CXX object modules/loragro-common/CMakeFiles/..__..__..__Projects__LoRaGro__FW-LoRaGro__common.dir/src/power_rail_3v3.cpp.obj
[94/145] Linking C static library zephyr/drivers/timer/libdrivers__timer.a
[95/145] Building C object zephyr/drivers/flash/CMakeFiles/drivers__flash.dir/flash_simulator.c.obj
[96/145] Building C object zephyr/drivers/regulator/CMakeFiles/drivers__regulator.dir/regulator_common.c.obj
[97/145] Linking C static library zephyr/drivers/regulator/libdrivers__regulator.a
[98/145] Linking C static library zephyr/drivers/flash/libdrivers__flash.a
[99/145] Building C object modules/loragro-common/drivers/regulator_fake/CMakeFiles/..__..__..__Projects__LoRaGro__FW-LoRaGro__common__drivers__regulator_fake.dir/regulator_fake.c.obj
[100/145] Linking C static library modules/loragro-common/drivers/regulator_fake/lib..__..__..__Projects__LoRaGro__FW-LoRaGro__common__drivers__regulator_fake.a
[101/145] Building CXX object modules/loragro-common/CMakeFiles/..__..__..__Projects__LoRaGro__FW-LoRaGro__common.dir/src/lora_interface.cpp.obj
[102/145] Building CXX object modules/loragro-common/CMakeFiles/..__..__..__Projects__LoRaGro__FW-LoRaGro__common.dir/src/lora_protocol_handler.cpp.obj
[103/145] Building C object zephyr/subsys/testsuite/ztest/CMakeFiles/subsys__testsuite__ztest.dir/src/ztest.c.obj
[104/145] Building CXX object modules/loragro-common/CMakeFiles/..__..__..__Projects__LoRaGro__FW-LoRaGro__common.dir/src/power_management.cpp.obj
[105/145] Building CXX object modules/loragro-common/CMakeFiles/..__..__..__Projects__LoRaGro__FW-LoRaGro__common.dir/src/lora_auth.cpp.obj
[106/145] Building CXX object modules/loragro-common/CMakeFiles/..__..__..__Projects__LoRaGro__FW-LoRaGro__common.dir/src/lora_frame_codec.cpp.obj
[107/145] Building CXX object modules/loragro-common/CMakeFiles/..__..__..__Projects__LoRaGro__FW-LoRaGro__common.dir/src/config_manager.cpp.obj
[108/145] Building C object modules/loragro-common/drivers/sensors/scd41_fake/CMakeFiles/..__..__..__Projects__LoRaGro__FW-LoRaGro__common__drivers__sensors__scd41_fake.dir/scd41_fake.c.obj
[109/145] Linking C static library zephyr/subsys/testsuite/ztest/libsubsys__testsuite__ztest.a
[110/145] Building CXX object modules/loragro-common/CMakeFiles/..__..__..__Projects__LoRaGro__FW-LoRaGro__common.dir/src/sample_manager.cpp.obj
[111/145] Linking C static library modules/loragro-common/drivers/sensors/scd41_fake/lib..__..__..__Projects__LoRaGro__FW-LoRaGro__common__drivers__sensors__scd41_fake.a
[112/145] Building C object zephyr/kernel/CMakeFiles/kernel.dir/main_weak.c.obj
[113/145] Linking CXX static library modules/loragro-common/lib..__..__..__Projects__LoRaGro__FW-LoRaGro__common.a
[114/145] Building C object zephyr/kernel/CMakeFiles/kernel.dir/device.c.obj
[115/145] Building C object zephyr/kernel/CMakeFiles/kernel.dir/banner.c.obj
[116/145] Building C object zephyr/kernel/CMakeFiles/kernel.dir/errno.c.obj
[117/145] Building C object zephyr/kernel/CMakeFiles/kernel.dir/busy_wait.c.obj
[118/145] Building C object zephyr/kernel/CMakeFiles/kernel.dir/version.c.obj
[119/145] Building C object zephyr/kernel/CMakeFiles/kernel.dir/init.c.obj
[120/145] Building C object zephyr/kernel/CMakeFiles/kernel.dir/kheap.c.obj
[121/145] Building C object zephyr/kernel/CMakeFiles/kernel.dir/mem_slab.c.obj
[122/145] Building C object zephyr/kernel/CMakeFiles/kernel.dir/fatal.c.obj
[123/145] Building C object zephyr/kernel/CMakeFiles/kernel.dir/queue.c.obj
[124/145] Building C object zephyr/kernel/CMakeFiles/kernel.dir/float.c.obj
[125/145] Building C object zephyr/kernel/CMakeFiles/kernel.dir/msg_q.c.obj
[126/145] Building C object zephyr/kernel/CMakeFiles/kernel.dir/mailbox.c.obj
[127/145] Building C object zephyr/kernel/CMakeFiles/kernel.dir/mutex.c.obj
[128/145] Building C object zephyr/kernel/CMakeFiles/kernel.dir/idle.c.obj
[129/145] Building C object zephyr/kernel/CMakeFiles/kernel.dir/stack.c.obj
[130/145] Building C object zephyr/kernel/CMakeFiles/kernel.dir/sem.c.obj
[131/145] Building C object zephyr/kernel/CMakeFiles/kernel.dir/system_work_q.c.obj
[132/145] Building C object zephyr/kernel/CMakeFiles/kernel.dir/work.c.obj
[133/145] Building C object zephyr/kernel/CMakeFiles/kernel.dir/timeslicing.c.obj
[134/145] Building C object zephyr/kernel/CMakeFiles/kernel.dir/condvar.c.obj
[135/145] Building C object zephyr/kernel/CMakeFiles/kernel.dir/sched.c.obj
[136/145] Building C object zephyr/kernel/CMakeFiles/kernel.dir/timeout.c.obj
[137/145] Building C object zephyr/kernel/CMakeFiles/kernel.dir/timer.c.obj
[138/145] Building C object zephyr/kernel/CMakeFiles/kernel.dir/pipe.c.obj
[139/145] Building C object zephyr/kernel/CMakeFiles/kernel.dir/thread.c.obj
[140/145] Building C object zephyr/kernel/CMakeFiles/kernel.dir/mempool.c.obj
[141/145] Building C object zephyr/kernel/CMakeFiles/kernel.dir/dynamic_disabled.c.obj
[142/145] Linking C static library zephyr/kernel/libkernel.a
[143/145] Linking CXX executable zephyr/zephyr.elf
Generating files from /home/pavel/Projects/LoRaGro/FW-LoRaGro/twister-out/native_sim_native/host/sensors/soil_capacitive_adapter.basic/zephyr/zephyr.elf for board: native_sim
[144/145] Building native simulator runner, and linking final executable
[145/145] Running utility command for native_runner_executable
