[00:00:00.000,000] <dbg> regulator_fake: regulator_fake_init: === REGULATOR FAKE INIT START ===
[00:00:00.000,000] <dbg> regulator_fake: regulator_fake_init: Device: regulator-3v3
[00:00:00.000,000] <dbg> regulator_fake: fake_get_voltage: get_voltage: 3300000 uV
[00:00:00.000,000] <dbg> regulator_fake: regulator_fake_init: regulator_common_init returned: 0
[00:00:00.000,000] <dbg> regulator_fake: regulator_fake_init: === REGULATOR FAKE INIT END ===
[00:00:00.000,000] <dbg> scd41_fake: scd41_fake_init: Fake SCD41 CO2 sensor initialized
*** Booting Zephyr OS build v4.2.0 ***
Running TESTSUITE battery_sense_suite
===================================================================
START - test_init
 PASS - test_init in 0.000 seconds
===================================================================
START - test_is_connected
 PASS - test_is_connected in 0.000 seconds
===================================================================
START - test_sample_ramp
 PASS - test_sample_ramp in 0.000 seconds
===================================================================
START - test_sample_returns_valid_voltage
 PASS - test_sample_returns_valid_voltage in 0.000 seconds
===================================================================
TESTSUITE battery_sense_suite succeeded
Running TESTSUITE co2_sensor_adapter_suite
===================================================================
START - test_co2_init
 PASS - test_co2_init in 0.000 seconds
===================================================================
START - test_co2_sample
 PASS - test_co2_sample in 0.000 seconds
===================================================================
TESTSUITE co2_sensor_adapter_suite succeeded
Running TESTSUITE soil_capacitive_adapter_suite
===================================================================
START - test_init
 PASS - test_init in 0.000 seconds
===================================================================
START - test_is_connected
 PASS - test_is_connected in 0.000 seconds
===================================================================
START - test_sample
 PASS - test_sample in 0.000 seconds
===================================================================
TESTSUITE soil_capacitive_adapter_suite succeeded

------ TESTSUITE SUMMARY START ------

SUITE PASS - 100.00% [battery_sense_suite]: pass = 4, fail = 0, skip = 0, total = 4 duration = 0.000 seconds
 - PASS - [battery_sense_suite.test_init] duration = 0.000 seconds
 - PASS - [battery_sense_suite.test_is_connected] duration = 0.000 seconds
 - PASS - [battery_sense_suite.test_sample_ramp] duration = 0.000 seconds
 - PASS - [battery_sense_suite.test_sample_returns_valid_voltage] duration = 0.000 seconds

SUITE PASS - 100.00% [co2_sensor_adapter_suite]: pass = 2, fail = 0, skip = 0, total = 2 duration = 0.000 seconds
 - PASS - [co2_sensor_adapter_suite.test_co2_init] duration = 0.000 seconds
 - PASS - [co2_sensor_adapter_suite.test_co2_sample] duration = 0.000 seconds

SUITE PASS - 100.00% [soil_capacitive_adapter_suite]: pass = 3, fail = 0, skip = 0, total = 3 duration = 0.000 seconds
 - PASS - [soil_capacitive_adapter_suite.test_init] duration = 0.000 seconds
 - PASS - [soil_capacitive_adapter_suite.test_is_connected] duration = 0.000 seconds
 - PASS - [soil_capacitive_adapter_suite.test_sample] duration = 0.000 seconds

------ TESTSUITE SUMMARY END ------

===================================================================
RunID: 503b477180aa3701b4858a4c16e060f6
PROJECT EXECUTION SUCCESSFUL
