[00:00:00.000,000] <dbg> regulator_fake: regulator_fake_init: === REGULATOR FAKE INIT START ===
[00:00:00.000,000] <dbg> regulator_fake: regulator_fake_init: Device: regulator-3v3
[00:00:00.000,000] <dbg> regulator_fake: fake_get_voltage: get_voltage: 3300000 uV
[00:00:00.000,000] <dbg> regulator_fake: regulator_fake_init: regulator_common_init returned: 0
[00:00:00.000,000] <dbg> regulator_fake: regulator_fake_init: === REGULATOR FAKE INIT END ===
*** Booting Zephyr OS build v4.2.0 ***
Running TESTSUITE power_3v3_suite
===================================================================
START - test_power_3v3_enable_disable
[00:00:00.020,000] <dbg> power_rail_3v3: powerOn: Sensor 3V3 ON
[00:00:00.020,000] <dbg> power_rail_3v3: powerOff: Power rail 3V3 OFF
 PASS - test_power_3v3_enable_disable in 0.020 seconds
===================================================================
START - test_power_3v3_read_voltage
[00:00:00.040,000] <dbg> power_rail_3v3: powerOn: Sensor 3V3 ON
 PASS - test_power_3v3_read_voltage in 0.020 seconds
===================================================================
TESTSUITE power_3v3_suite succeeded

------ TESTSUITE SUMMARY START ------

SUITE PASS - 100.00% [power_3v3_suite]: pass = 2, fail = 0, skip = 0, total = 2 duration = 0.040 seconds
 - PASS - [power_3v3_suite.test_power_3v3_enable_disable] duration = 0.020 seconds
 - PASS - [power_3v3_suite.test_power_3v3_read_voltage] duration = 0.020 seconds

------ TESTSUITE SUMMARY END ------

===================================================================
RunID: 4ab50c3383f16e6748b9bbcfb158435e
PROJECT EXECUTION SUCCESSFUL
