2026-03-10 17:46:33,194 - twister - INFO - Using Ninja..
2026-03-10 17:46:33,413 - twister - INFO - Zephyr version: v4.2.0
2026-03-10 17:46:33,492 - twister - DEBUG - Running cmake script /home/pavel/.zephyr_ide/external/zephyr/cmake/verify-toolchain.cmake
2026-03-10 17:46:33,493 - twister - DEBUG - Calling cmake: /usr/local/bin/cmake -DFORMAT=json -P /home/pavel/.zephyr_ide/external/zephyr/cmake/verify-toolchain.cmake
2026-03-10 17:46:33,721 - twister - DEBUG - Finished running /home/pavel/.zephyr_ide/external/zephyr/cmake/verify-toolchain.cmake
2026-03-10 17:46:33,722 - twister - INFO - Using 'zephyr' toolchain.
2026-03-10 17:46:36,138 - twister - DEBUG - Reading testsuite configuration files under /home/pavel/Projects/LoRaGro/FW-LoRaGro/tests...
2026-03-10 17:46:36,139 - twister - DEBUG - Found possible testsuite in /home/pavel/Projects/LoRaGro/FW-LoRaGro/tests/power_rail_3v3
2026-03-10 17:46:36,142 - twister - DEBUG - Found possible testsuite in /home/pavel/Projects/LoRaGro/FW-LoRaGro/tests/sensors
2026-03-10 17:46:36,145 - twister - DEBUG - No duplicates found.
2026-03-10 17:46:36,146 - twister - DEBUG - platform filter: ['native_sim']
2026-03-10 17:46:36,146 - twister - DEBUG -   vendor filter: []
2026-03-10 17:46:36,146 - twister - DEBUG -     arch_filter: None
2026-03-10 17:46:36,146 - twister - DEBUG -      tag_filter: None
2026-03-10 17:46:36,146 - twister - DEBUG -     exclude_tag: None
2026-03-10 17:46:36,146 - twister - DEBUG - Checking platform filter: ['native_sim']
2026-03-10 17:46:36,146 - twister - INFO - Building initial testsuite list...
2026-03-10 17:46:36,147 - twister - INFO - Writing JSON report /home/pavel/Projects/LoRaGro/FW-LoRaGro/twister-out/testplan.json
2026-03-10 17:46:36,159 - twister - INFO - JOBS: 8
2026-03-10 17:46:36,159 - twister - INFO - Adding tasks to the queue...
2026-03-10 17:46:36,159 - twister - DEBUG - adding native_sim/native/host/power_rail_3v3/power_rail_3v3.basic
2026-03-10 17:46:36,161 - twister - DEBUG - adding native_sim/native/host/sensors/battery_sense.basic
2026-03-10 17:46:36,162 - twister - DEBUG - adding native_sim/native/host/sensors/soil_capacitive_adapter.basic
2026-03-10 17:46:36,162 - twister - DEBUG - adding native_sim/native/host/sensors/co2_sensor_adapter.basic
2026-03-10 17:46:36,162 - twister - INFO - Added initial list of jobs to queue
2026-03-10 17:46:36,169 - twister - DEBUG - Running cmake on /home/pavel/Projects/LoRaGro/FW-LoRaGro/tests/sensors for native_sim/native
2026-03-10 17:46:36,170 - twister - DEBUG - Calling cmake: /usr/local/bin/cmake -B/home/pavel/Projects/LoRaGro/FW-LoRaGro/twister-out/native_sim_native/host/sensors/co2_sensor_adapter.basic -DTC_RUNID=af58e70005154a6e6a523dc2282fbf3b -DTC_NAME=sensors/co2_sensor_adapter.basic -DCONFIG_COMPILER_WARNINGS_AS_ERRORS=y -DEXTRA_GEN_EDT_ARGS=--edtlib-Werror -GNinja -DPython3_EXECUTABLE=/home/pavel/.zephyr_ide/.venv/bin/python3 -DZEPHYR_TOOLCHAIN_VARIANT=host -S/home/pavel/Projects/LoRaGro/FW-LoRaGro/tests/sensors -DBOARD=native_sim/native
2026-03-10 17:46:36,173 - twister - DEBUG - Running cmake on /home/pavel/Projects/LoRaGro/FW-LoRaGro/tests/sensors for native_sim/native
2026-03-10 17:46:36,174 - twister - DEBUG - Calling cmake: /usr/local/bin/cmake -B/home/pavel/Projects/LoRaGro/FW-LoRaGro/twister-out/native_sim_native/host/sensors/soil_capacitive_adapter.basic -DTC_RUNID=503b477180aa3701b4858a4c16e060f6 -DTC_NAME=sensors/soil_capacitive_adapter.basic -DCONFIG_COMPILER_WARNINGS_AS_ERRORS=y -DEXTRA_GEN_EDT_ARGS=--edtlib-Werror -GNinja -DPython3_EXECUTABLE=/home/pavel/.zephyr_ide/.venv/bin/python3 -DZEPHYR_TOOLCHAIN_VARIANT=host -S/home/pavel/Projects/LoRaGro/FW-LoRaGro/tests/sensors -DBOARD=native_sim/native
2026-03-10 17:46:36,174 - twister - DEBUG - Running cmake on /home/pavel/Projects/LoRaGro/FW-LoRaGro/tests/sensors for native_sim/native
2026-03-10 17:46:36,176 - twister - DEBUG - Calling cmake: /usr/local/bin/cmake -B/home/pavel/Projects/LoRaGro/FW-LoRaGro/twister-out/native_sim_native/host/sensors/battery_sense.basic -DTC_RUNID=98e88e43bed417ece6195e8d0ee5a146 -DTC_NAME=sensors/battery_sense.basic -DCONFIG_COMPILER_WARNINGS_AS_ERRORS=y -DEXTRA_GEN_EDT_ARGS=--edtlib-Werror -GNinja -DPython3_EXECUTABLE=/home/pavel/.zephyr_ide/.venv/bin/python3 -DZEPHYR_TOOLCHAIN_VARIANT=host -S/home/pavel/Projects/LoRaGro/FW-LoRaGro/tests/sensors -DBOARD=native_sim/native
2026-03-10 17:46:36,178 - twister - DEBUG - Running cmake on /home/pavel/Projects/LoRaGro/FW-LoRaGro/tests/power_rail_3v3 for native_sim/native
2026-03-10 17:46:36,178 - twister - DEBUG - Launched 8 jobs
2026-03-10 17:46:36,180 - twister - DEBUG - Calling cmake: /usr/local/bin/cmake -B/home/pavel/Projects/LoRaGro/FW-LoRaGro/twister-out/native_sim_native/host/power_rail_3v3/power_rail_3v3.basic -DTC_RUNID=4ab50c3383f16e6748b9bbcfb158435e -DTC_NAME=power_rail_3v3/power_rail_3v3.basic -DCONFIG_COMPILER_WARNINGS_AS_ERRORS=y -DEXTRA_GEN_EDT_ARGS=--edtlib-Werror -GNinja -DPython3_EXECUTABLE=/home/pavel/.zephyr_ide/.venv/bin/python3 -DZEPHYR_TOOLCHAIN_VARIANT=host -S/home/pavel/Projects/LoRaGro/FW-LoRaGro/tests/power_rail_3v3 -DBOARD=native_sim/native
2026-03-10 17:46:42,511 - twister - DEBUG - Finished running cmake /home/pavel/Projects/LoRaGro/FW-LoRaGro/tests/power_rail_3v3 for native_sim/native in 6.33 seconds
2026-03-10 17:46:42,514 - twister - DEBUG - build test: native_sim/native/host/power_rail_3v3/power_rail_3v3.basic
2026-03-10 17:46:42,514 - twister - DEBUG - Building /home/pavel/Projects/LoRaGro/FW-LoRaGro/tests/power_rail_3v3 for native_sim/native
2026-03-10 17:46:42,515 - twister - DEBUG - Running /usr/local/bin/cmake --build /home/pavel/Projects/LoRaGro/FW-LoRaGro/twister-out/native_sim_native/host/power_rail_3v3/power_rail_3v3.basic
2026-03-10 17:46:42,974 - twister - DEBUG - Finished running cmake /home/pavel/Projects/LoRaGro/FW-LoRaGro/tests/sensors for native_sim/native in 6.80 seconds
2026-03-10 17:46:42,977 - twister - DEBUG - build test: native_sim/native/host/sensors/co2_sensor_adapter.basic
2026-03-10 17:46:42,978 - twister - DEBUG - Building /home/pavel/Projects/LoRaGro/FW-LoRaGro/tests/sensors for native_sim/native
2026-03-10 17:46:42,979 - twister - DEBUG - Running /usr/local/bin/cmake --build /home/pavel/Projects/LoRaGro/FW-LoRaGro/twister-out/native_sim_native/host/sensors/co2_sensor_adapter.basic
2026-03-10 17:46:42,985 - twister - DEBUG - Finished running cmake /home/pavel/Projects/LoRaGro/FW-LoRaGro/tests/sensors for native_sim/native in 6.81 seconds
2026-03-10 17:46:42,987 - twister - DEBUG - build test: native_sim/native/host/sensors/battery_sense.basic
2026-03-10 17:46:42,988 - twister - DEBUG - Building /home/pavel/Projects/LoRaGro/FW-LoRaGro/tests/sensors for native_sim/native
2026-03-10 17:46:42,989 - twister - DEBUG - Running /usr/local/bin/cmake --build /home/pavel/Projects/LoRaGro/FW-LoRaGro/twister-out/native_sim_native/host/sensors/battery_sense.basic
2026-03-10 17:46:42,998 - twister - DEBUG - Finished running cmake /home/pavel/Projects/LoRaGro/FW-LoRaGro/tests/sensors for native_sim/native in 6.82 seconds
2026-03-10 17:46:43,001 - twister - DEBUG - build test: native_sim/native/host/sensors/soil_capacitive_adapter.basic
2026-03-10 17:46:43,001 - twister - DEBUG - Building /home/pavel/Projects/LoRaGro/FW-LoRaGro/tests/sensors for native_sim/native
2026-03-10 17:46:43,002 - twister - DEBUG - Running /usr/local/bin/cmake --build /home/pavel/Projects/LoRaGro/FW-LoRaGro/twister-out/native_sim_native/host/sensors/soil_capacitive_adapter.basic
2026-03-10 17:46:49,691 - twister - DEBUG - Finished building /home/pavel/Projects/LoRaGro/FW-LoRaGro/tests/power_rail_3v3 for native_sim/native in 7.18 seconds
2026-03-10 17:46:49,691 - twister - DEBUG - Determine test cases for test instance: native_sim/native/host/power_rail_3v3/power_rail_3v3.basic
2026-03-10 17:46:49,691 - twister - DEBUG - Determine test cases for test suite: power_rail_3v3.basic
2026-03-10 17:46:50,069 - twister - DEBUG - Test instance native_sim/native/host/power_rail_3v3/power_rail_3v3.basic already has 2 testcase(s) known: [<TestCase power_rail_3v3.basic.power_3v3_suite.power_3v3_enable_disable with None>, <TestCase power_rail_3v3.basic.power_3v3_suite.power_3v3_read_voltage with None>]
2026-03-10 17:46:50,070 - twister - DEBUG - Detected 2 Ztest case(s): [power_rail_3v3.basic.power_3v3_suite.power_3v3_read_voltage, power_rail_3v3.basic.power_3v3_suite.power_3v3_enable_disable] in /home/pavel/Projects/LoRaGro/FW-LoRaGro/twister-out/native_sim_native/host/power_rail_3v3/power_rail_3v3.basic/zephyr/zephyr.elf
2026-03-10 17:46:50,074 - twister - DEBUG - run test: native_sim/native/host/power_rail_3v3/power_rail_3v3.basic
2026-03-10 17:46:50,074 - twister - DEBUG - Reset instance status from 'passed' to None before run.
2026-03-10 17:46:50,074 - twister - DEBUG - Spawning process: /home/pavel/Projects/LoRaGro/FW-LoRaGro/twister-out/native_sim_native/host/power_rail_3v3/power_rail_3v3.basic/zephyr/zephyr.exe
in directory: /home/pavel/Projects/LoRaGro/FW-LoRaGro/twister-out/native_sim_native/host/power_rail_3v3/power_rail_3v3.basic
2026-03-10 17:46:50,111 - twister - DEBUG - Spawning BinaryHandler Thread for native_sim/native/host/power_rail_3v3/power_rail_3v3.basic
2026-03-10 17:46:50,163 - twister - DEBUG - OUTPUT: [00:00:00.000,000] [0m<dbg> regulator_fake: regulator_fake_init: === REGULATOR FAKE INIT START ===[0m
2026-03-10 17:46:50,183 - twister - DEBUG - OUTPUT: [00:00:00.000,000] [0m<dbg> regulator_fake: regulator_fake_init: Device: regulator-3v3[0m
2026-03-10 17:46:50,185 - twister - DEBUG - OUTPUT: [00:00:00.000,000] [0m<dbg> regulator_fake: fake_get_voltage: get_voltage: 3300000 uV[0m
2026-03-10 17:46:50,193 - twister - DEBUG - OUTPUT: [00:00:00.000,000] [0m<dbg> regulator_fake: regulator_fake_init: regulator_common_init returned: 0[0m
2026-03-10 17:46:50,193 - twister - DEBUG - OUTPUT: [00:00:00.000,000] [0m<dbg> regulator_fake: regulator_fake_init: === REGULATOR FAKE INIT END ===[0m
2026-03-10 17:46:50,194 - twister - DEBUG - OUTPUT: *** Booting Zephyr OS build v4.2.0 ***
2026-03-10 17:46:50,194 - twister - DEBUG - OUTPUT: Running TESTSUITE power_3v3_suite
2026-03-10 17:46:50,194 - twister - DEBUG - OUTPUT: ===================================================================
2026-03-10 17:46:50,194 - twister - DEBUG - OUTPUT: START - test_power_3v3_enable_disable
2026-03-10 17:46:50,194 - twister - DEBUG - OUTPUT: [00:00:00.020,000] [0m<dbg> power_rail_3v3: powerOn: Sensor 3V3 ON[0m
2026-03-10 17:46:50,195 - twister - DEBUG - OUTPUT: [00:00:00.020,000] [0m<dbg> power_rail_3v3: powerOff: Power rail 3V3 OFF[0m
2026-03-10 17:46:50,195 - twister - DEBUG - OUTPUT:  PASS - test_power_3v3_enable_disable in 0.020 seconds
2026-03-10 17:46:50,195 - twister - DEBUG - OUTPUT: ===================================================================
2026-03-10 17:46:50,195 - twister - DEBUG - OUTPUT: START - test_power_3v3_read_voltage
2026-03-10 17:46:50,196 - twister - DEBUG - OUTPUT: [00:00:00.040,000] [0m<dbg> power_rail_3v3: powerOn: Sensor 3V3 ON[0m
2026-03-10 17:46:50,196 - twister - DEBUG - OUTPUT:  PASS - test_power_3v3_read_voltage in 0.020 seconds
2026-03-10 17:46:50,196 - twister - DEBUG - OUTPUT: ===================================================================
2026-03-10 17:46:50,196 - twister - DEBUG - OUTPUT: TESTSUITE power_3v3_suite succeeded
2026-03-10 17:46:50,196 - twister - DEBUG - OUTPUT: 
2026-03-10 17:46:50,197 - twister - DEBUG - OUTPUT: ------ TESTSUITE SUMMARY START ------
2026-03-10 17:46:50,197 - twister - DEBUG - OUTPUT: 
2026-03-10 17:46:50,197 - twister - DEBUG - OUTPUT: SUITE PASS - 100.00% [power_3v3_suite]: pass = 2, fail = 0, skip = 0, total = 2 duration = 0.040 seconds
2026-03-10 17:46:50,197 - twister - DEBUG - OUTPUT:  - PASS - [power_3v3_suite.test_power_3v3_enable_disable] duration = 0.020 seconds
2026-03-10 17:46:50,198 - twister - DEBUG - OUTPUT:  - PASS - [power_3v3_suite.test_power_3v3_read_voltage] duration = 0.020 seconds
2026-03-10 17:46:50,198 - twister - DEBUG - OUTPUT: 
2026-03-10 17:46:50,198 - twister - DEBUG - OUTPUT: ------ TESTSUITE SUMMARY END ------
2026-03-10 17:46:50,198 - twister - DEBUG - OUTPUT: 
2026-03-10 17:46:50,198 - twister - DEBUG - OUTPUT: ===================================================================
2026-03-10 17:46:50,199 - twister - DEBUG - OUTPUT: RunID: 4ab50c3383f16e6748b9bbcfb158435e
2026-03-10 17:46:50,199 - twister - DEBUG - OUTPUT: PROJECT EXECUTION SUCCESSFUL
2026-03-10 17:46:50,201 - twister - DEBUG - Expected suite names:['power_3v3_suite']
2026-03-10 17:46:50,201 - twister - DEBUG - Detected suite names:['power_3v3_suite']
2026-03-10 17:46:50,201 - twister - DEBUG - run status: native_sim/native/host/power_rail_3v3/power_rail_3v3.basic passed
2026-03-10 17:46:50,205 - twister - INFO - 1/4 native_sim/native         power_rail_3v3/power_rail_3v3.basic                [32mPASSED[39m (native 0.125s <host>)
2026-03-10 17:46:50,749 - twister - DEBUG - Finished building /home/pavel/Projects/LoRaGro/FW-LoRaGro/tests/sensors for native_sim/native in 7.77 seconds
2026-03-10 17:46:50,749 - twister - DEBUG - Determine test cases for test instance: native_sim/native/host/sensors/co2_sensor_adapter.basic
2026-03-10 17:46:50,749 - twister - DEBUG - Determine test cases for test suite: co2_sensor_adapter.basic
2026-03-10 17:46:50,767 - twister - DEBUG - Finished building /home/pavel/Projects/LoRaGro/FW-LoRaGro/tests/sensors for native_sim/native in 7.78 seconds
2026-03-10 17:46:50,768 - twister - DEBUG - Determine test cases for test instance: native_sim/native/host/sensors/battery_sense.basic
2026-03-10 17:46:50,768 - twister - DEBUG - Determine test cases for test suite: battery_sense.basic
2026-03-10 17:46:50,788 - twister - DEBUG - Finished building /home/pavel/Projects/LoRaGro/FW-LoRaGro/tests/sensors for native_sim/native in 7.79 seconds
2026-03-10 17:46:50,788 - twister - DEBUG - Determine test cases for test instance: native_sim/native/host/sensors/soil_capacitive_adapter.basic
2026-03-10 17:46:50,788 - twister - DEBUG - Determine test cases for test suite: soil_capacitive_adapter.basic
2026-03-10 17:46:50,886 - twister - DEBUG - Test instance native_sim/native/host/sensors/co2_sensor_adapter.basic already has 9 testcase(s) known: [<TestCase co2_sensor_adapter.basic.battery_sense_suite.sample_returns_valid_voltage with None>, <TestCase co2_sensor_adapter.basic.battery_sense_suite.sample_ramp with None>, <TestCase co2_sensor_adapter.basic.co2_sensor_adapter_suite.co2_sample with None>, <TestCase co2_sensor_adapter.basic.battery_sense_suite.is_connected with None>, <TestCase co2_sensor_adapter.basic.soil_capacitive_adapter_suite.sample with None>, <TestCase co2_sensor_adapter.basic.soil_capacitive_adapter_suite.is_connected with None>, <TestCase co2_sensor_adapter.basic.battery_sense_suite.init with None>, <TestCase co2_sensor_adapter.basic.soil_capacitive_adapter_suite.init with None>, <TestCase co2_sensor_adapter.basic.co2_sensor_adapter_suite.co2_init with None>]
2026-03-10 17:46:50,887 - twister - DEBUG - Detected 9 Ztest case(s): [co2_sensor_adapter.basic.battery_sense_suite.sample_ramp, co2_sensor_adapter.basic.battery_sense_suite.sample_returns_valid_voltage, co2_sensor_adapter.basic.battery_sense_suite.is_connected, co2_sensor_adapter.basic.battery_sense_suite.init, co2_sensor_adapter.basic.soil_capacitive_adapter_suite.sample, co2_sensor_adapter.basic.soil_capacitive_adapter_suite.is_connected, co2_sensor_adapter.basic.soil_capacitive_adapter_suite.init, co2_sensor_adapter.basic.co2_sensor_adapter_suite.co2_sample, co2_sensor_adapter.basic.co2_sensor_adapter_suite.co2_init] in /home/pavel/Projects/LoRaGro/FW-LoRaGro/twister-out/native_sim_native/host/sensors/co2_sensor_adapter.basic/zephyr/zephyr.elf
2026-03-10 17:46:50,890 - twister - DEBUG - run test: native_sim/native/host/sensors/co2_sensor_adapter.basic
2026-03-10 17:46:50,890 - twister - DEBUG - Reset instance status from 'passed' to None before run.
2026-03-10 17:46:50,890 - twister - DEBUG - Spawning process: /home/pavel/Projects/LoRaGro/FW-LoRaGro/twister-out/native_sim_native/host/sensors/co2_sensor_adapter.basic/zephyr/zephyr.exe
in directory: /home/pavel/Projects/LoRaGro/FW-LoRaGro/twister-out/native_sim_native/host/sensors/co2_sensor_adapter.basic
2026-03-10 17:46:50,891 - twister - DEBUG - Spawning BinaryHandler Thread for native_sim/native/host/sensors/co2_sensor_adapter.basic
2026-03-10 17:46:50,892 - twister - DEBUG - OUTPUT: [00:00:00.000,000] [0m<dbg> regulator_fake: regulator_fake_init: === REGULATOR FAKE INIT START ===[0m
2026-03-10 17:46:50,893 - twister - DEBUG - OUTPUT: [00:00:00.000,000] [0m<dbg> regulator_fake: regulator_fake_init: Device: regulator-3v3[0m
2026-03-10 17:46:50,893 - twister - DEBUG - OUTPUT: [00:00:00.000,000] [0m<dbg> regulator_fake: fake_get_voltage: get_voltage: 3300000 uV[0m
2026-03-10 17:46:50,894 - twister - DEBUG - OUTPUT: [00:00:00.000,000] [0m<dbg> regulator_fake: regulator_fake_init: regulator_common_init returned: 0[0m
2026-03-10 17:46:50,894 - twister - DEBUG - OUTPUT: [00:00:00.000,000] [0m<dbg> regulator_fake: regulator_fake_init: === REGULATOR FAKE INIT END ===[0m
2026-03-10 17:46:50,894 - twister - DEBUG - OUTPUT: [00:00:00.000,000] [0m<dbg> scd41_fake: scd41_fake_init: Fake SCD41 CO2 sensor initialized[0m
2026-03-10 17:46:50,895 - twister - DEBUG - OUTPUT: *** Booting Zephyr OS build v4.2.0 ***
2026-03-10 17:46:50,895 - twister - DEBUG - OUTPUT: Running TESTSUITE battery_sense_suite
2026-03-10 17:46:50,895 - twister - DEBUG - OUTPUT: ===================================================================
2026-03-10 17:46:50,895 - twister - DEBUG - OUTPUT: START - test_init
2026-03-10 17:46:50,896 - twister - DEBUG - Test instance native_sim/native/host/sensors/soil_capacitive_adapter.basic already has 9 testcase(s) known: [<TestCase soil_capacitive_adapter.basic.battery_sense_suite.sample_returns_valid_voltage with None>, <TestCase soil_capacitive_adapter.basic.battery_sense_suite.sample_ramp with None>, <TestCase soil_capacitive_adapter.basic.co2_sensor_adapter_suite.co2_sample with None>, <TestCase soil_capacitive_adapter.basic.battery_sense_suite.is_connected with None>, <TestCase soil_capacitive_adapter.basic.soil_capacitive_adapter_suite.sample with None>, <TestCase soil_capacitive_adapter.basic.soil_capacitive_adapter_suite.is_connected with None>, <TestCase soil_capacitive_adapter.basic.battery_sense_suite.init with None>, <TestCase soil_capacitive_adapter.basic.soil_capacitive_adapter_suite.init with None>, <TestCase soil_capacitive_adapter.basic.co2_sensor_adapter_suite.co2_init with None>]
2026-03-10 17:46:50,896 - twister - DEBUG - Detected 9 Ztest case(s): [soil_capacitive_adapter.basic.battery_sense_suite.sample_ramp, soil_capacitive_adapter.basic.battery_sense_suite.sample_returns_valid_voltage, soil_capacitive_adapter.basic.battery_sense_suite.is_connected, soil_capacitive_adapter.basic.battery_sense_suite.init, soil_capacitive_adapter.basic.soil_capacitive_adapter_suite.sample, soil_capacitive_adapter.basic.soil_capacitive_adapter_suite.is_connected, soil_capacitive_adapter.basic.soil_capacitive_adapter_suite.init, soil_capacitive_adapter.basic.co2_sensor_adapter_suite.co2_sample, soil_capacitive_adapter.basic.co2_sensor_adapter_suite.co2_init] in /home/pavel/Projects/LoRaGro/FW-LoRaGro/twister-out/native_sim_native/host/sensors/soil_capacitive_adapter.basic/zephyr/zephyr.elf
2026-03-10 17:46:50,899 - twister - DEBUG - OUTPUT:  PASS - test_init in 0.000 seconds
2026-03-10 17:46:50,899 - twister - DEBUG - OUTPUT: ===================================================================
2026-03-10 17:46:50,899 - twister - DEBUG - OUTPUT: START - test_is_connected
2026-03-10 17:46:50,900 - twister - DEBUG - run test: native_sim/native/host/sensors/soil_capacitive_adapter.basic
2026-03-10 17:46:50,900 - twister - DEBUG - OUTPUT:  PASS - test_is_connected in 0.000 seconds
2026-03-10 17:46:50,900 - twister - DEBUG - Reset instance status from 'passed' to None before run.
2026-03-10 17:46:50,900 - twister - DEBUG - Spawning process: /home/pavel/Projects/LoRaGro/FW-LoRaGro/twister-out/native_sim_native/host/sensors/soil_capacitive_adapter.basic/zephyr/zephyr.exe
in directory: /home/pavel/Projects/LoRaGro/FW-LoRaGro/twister-out/native_sim_native/host/sensors/soil_capacitive_adapter.basic
2026-03-10 17:46:50,900 - twister - DEBUG - OUTPUT: ===================================================================
2026-03-10 17:46:50,900 - twister - DEBUG - OUTPUT: START - test_sample_ramp
2026-03-10 17:46:50,900 - twister - DEBUG - OUTPUT:  PASS - test_sample_ramp in 0.000 seconds
2026-03-10 17:46:50,900 - twister - DEBUG - OUTPUT: ===================================================================
2026-03-10 17:46:50,901 - twister - DEBUG - Spawning BinaryHandler Thread for native_sim/native/host/sensors/soil_capacitive_adapter.basic
2026-03-10 17:46:50,901 - twister - DEBUG - OUTPUT: START - test_sample_returns_valid_voltage
2026-03-10 17:46:50,901 - twister - DEBUG - OUTPUT:  PASS - test_sample_returns_valid_voltage in 0.000 seconds
2026-03-10 17:46:50,901 - twister - DEBUG - OUTPUT: ===================================================================
2026-03-10 17:46:50,902 - twister - DEBUG - OUTPUT: TESTSUITE battery_sense_suite succeeded
2026-03-10 17:46:50,902 - twister - DEBUG - OUTPUT: Running TESTSUITE co2_sensor_adapter_suite
2026-03-10 17:46:50,902 - twister - DEBUG - OUTPUT: ===================================================================
2026-03-10 17:46:50,902 - twister - DEBUG - OUTPUT: START - test_co2_init
2026-03-10 17:46:50,902 - twister - DEBUG - OUTPUT:  PASS - test_co2_init in 0.000 seconds
2026-03-10 17:46:50,902 - twister - DEBUG - OUTPUT: [00:00:00.000,000] [0m<dbg> regulator_fake: regulator_fake_init: === REGULATOR FAKE INIT START ===[0m
2026-03-10 17:46:50,902 - twister - DEBUG - OUTPUT: ===================================================================
2026-03-10 17:46:50,903 - twister - DEBUG - OUTPUT: START - test_co2_sample
2026-03-10 17:46:50,903 - twister - DEBUG - OUTPUT:  PASS - test_co2_sample in 0.000 seconds
2026-03-10 17:46:50,903 - twister - DEBUG - OUTPUT: [00:00:00.000,000] [0m<dbg> regulator_fake: regulator_fake_init: Device: regulator-3v3[0m
2026-03-10 17:46:50,903 - twister - DEBUG - OUTPUT: [00:00:00.000,000] [0m<dbg> regulator_fake: fake_get_voltage: get_voltage: 3300000 uV[0m
2026-03-10 17:46:50,903 - twister - DEBUG - OUTPUT: ===================================================================
2026-03-10 17:46:50,903 - twister - DEBUG - OUTPUT: TESTSUITE co2_sensor_adapter_suite succeeded
2026-03-10 17:46:50,903 - twister - DEBUG - OUTPUT: [00:00:00.000,000] [0m<dbg> regulator_fake: regulator_fake_init: regulator_common_init returned: 0[0m
2026-03-10 17:46:50,903 - twister - DEBUG - OUTPUT: Running TESTSUITE soil_capacitive_adapter_suite
2026-03-10 17:46:50,904 - twister - DEBUG - OUTPUT: [00:00:00.000,000] [0m<dbg> regulator_fake: regulator_fake_init: === REGULATOR FAKE INIT END ===[0m
2026-03-10 17:46:50,904 - twister - DEBUG - OUTPUT: ===================================================================
2026-03-10 17:46:50,904 - twister - DEBUG - OUTPUT: [00:00:00.000,000] [0m<dbg> scd41_fake: scd41_fake_init: Fake SCD41 CO2 sensor initialized[0m
2026-03-10 17:46:50,904 - twister - DEBUG - OUTPUT: START - test_init
2026-03-10 17:46:50,904 - twister - DEBUG - OUTPUT:  PASS - test_init in 0.000 seconds
2026-03-10 17:46:50,904 - twister - DEBUG - OUTPUT: ===================================================================
2026-03-10 17:46:50,904 - twister - DEBUG - OUTPUT: START - test_is_connected
2026-03-10 17:46:50,904 - twister - DEBUG - OUTPUT: *** Booting Zephyr OS build v4.2.0 ***
2026-03-10 17:46:50,905 - twister - DEBUG - OUTPUT: Running TESTSUITE battery_sense_suite
2026-03-10 17:46:50,905 - twister - DEBUG - OUTPUT:  PASS - test_is_connected in 0.000 seconds
2026-03-10 17:46:50,905 - twister - DEBUG - OUTPUT: ===================================================================
2026-03-10 17:46:50,905 - twister - DEBUG - OUTPUT: ===================================================================
2026-03-10 17:46:50,905 - twister - DEBUG - OUTPUT: START - test_sample
2026-03-10 17:46:50,905 - twister - DEBUG - OUTPUT:  PASS - test_sample in 0.000 seconds
2026-03-10 17:46:50,905 - twister - DEBUG - OUTPUT: START - test_init
2026-03-10 17:46:50,905 - twister - DEBUG - OUTPUT: ===================================================================
2026-03-10 17:46:50,906 - twister - DEBUG - OUTPUT: TESTSUITE soil_capacitive_adapter_suite succeeded
2026-03-10 17:46:50,906 - twister - DEBUG - OUTPUT:  PASS - test_init in 0.000 seconds
2026-03-10 17:46:50,906 - twister - DEBUG - OUTPUT: 
2026-03-10 17:46:50,906 - twister - DEBUG - OUTPUT: ===================================================================
2026-03-10 17:46:50,906 - twister - DEBUG - OUTPUT: ------ TESTSUITE SUMMARY START ------
2026-03-10 17:46:50,906 - twister - DEBUG - OUTPUT: 
2026-03-10 17:46:50,906 - twister - DEBUG - OUTPUT: START - test_is_connected
2026-03-10 17:46:50,906 - twister - DEBUG - OUTPUT: SUITE PASS - 100.00% [battery_sense_suite]: pass = 4, fail = 0, skip = 0, total = 4 duration = 0.000 seconds
2026-03-10 17:46:50,907 - twister - DEBUG - OUTPUT:  - PASS - [battery_sense_suite.test_init] duration = 0.000 seconds
2026-03-10 17:46:50,907 - twister - DEBUG - OUTPUT:  PASS - test_is_connected in 0.000 seconds
2026-03-10 17:46:50,907 - twister - DEBUG - OUTPUT:  - PASS - [battery_sense_suite.test_is_connected] duration = 0.000 seconds
2026-03-10 17:46:50,907 - twister - DEBUG - OUTPUT: ===================================================================
2026-03-10 17:46:50,907 - twister - DEBUG - OUTPUT:  - PASS - [battery_sense_suite.test_sample_ramp] duration = 0.000 seconds
2026-03-10 17:46:50,907 - twister - DEBUG - OUTPUT: START - test_sample_ramp
2026-03-10 17:46:50,907 - twister - DEBUG - OUTPUT:  - PASS - [battery_sense_suite.test_sample_returns_valid_voltage] duration = 0.000 seconds
2026-03-10 17:46:50,907 - twister - DEBUG - OUTPUT:  PASS - test_sample_ramp in 0.000 seconds
2026-03-10 17:46:50,907 - twister - DEBUG - OUTPUT: 
2026-03-10 17:46:50,907 - twister - DEBUG - OUTPUT: ===================================================================
2026-03-10 17:46:50,908 - twister - DEBUG - OUTPUT: SUITE PASS - 100.00% [co2_sensor_adapter_suite]: pass = 2, fail = 0, skip = 0, total = 2 duration = 0.000 seconds
2026-03-10 17:46:50,908 - twister - DEBUG - OUTPUT: START - test_sample_returns_valid_voltage
2026-03-10 17:46:50,908 - twister - DEBUG - OUTPUT:  - PASS - [co2_sensor_adapter_suite.test_co2_init] duration = 0.000 seconds
2026-03-10 17:46:50,908 - twister - DEBUG - OUTPUT:  PASS - test_sample_returns_valid_voltage in 0.000 seconds
2026-03-10 17:46:50,908 - twister - DEBUG - OUTPUT:  - PASS - [co2_sensor_adapter_suite.test_co2_sample] duration = 0.000 seconds
2026-03-10 17:46:50,908 - twister - DEBUG - OUTPUT: ===================================================================
2026-03-10 17:46:50,908 - twister - DEBUG - OUTPUT: 
2026-03-10 17:46:50,908 - twister - DEBUG - OUTPUT: TESTSUITE battery_sense_suite succeeded
2026-03-10 17:46:50,908 - twister - DEBUG - OUTPUT: SUITE PASS - 100.00% [soil_capacitive_adapter_suite]: pass = 3, fail = 0, skip = 0, total = 3 duration = 0.000 seconds
2026-03-10 17:46:50,908 - twister - DEBUG - OUTPUT: Running TESTSUITE co2_sensor_adapter_suite
2026-03-10 17:46:50,908 - twister - DEBUG - OUTPUT:  - PASS - [soil_capacitive_adapter_suite.test_init] duration = 0.000 seconds
2026-03-10 17:46:50,908 - twister - DEBUG - OUTPUT: ===================================================================
2026-03-10 17:46:50,909 - twister - DEBUG - OUTPUT:  - PASS - [soil_capacitive_adapter_suite.test_is_connected] duration = 0.000 seconds
2026-03-10 17:46:50,909 - twister - DEBUG - OUTPUT:  - PASS - [soil_capacitive_adapter_suite.test_sample] duration = 0.000 seconds
2026-03-10 17:46:50,909 - twister - DEBUG - OUTPUT: START - test_co2_init
2026-03-10 17:46:50,909 - twister - DEBUG - OUTPUT: 
2026-03-10 17:46:50,909 - twister - DEBUG - OUTPUT:  PASS - test_co2_init in 0.000 seconds
2026-03-10 17:46:50,909 - twister - DEBUG - OUTPUT: ------ TESTSUITE SUMMARY END ------
2026-03-10 17:46:50,910 - twister - DEBUG - OUTPUT: 
2026-03-10 17:46:50,910 - twister - DEBUG - OUTPUT: ===================================================================
2026-03-10 17:46:50,910 - twister - DEBUG - OUTPUT: RunID: af58e70005154a6e6a523dc2282fbf3b
2026-03-10 17:46:50,910 - twister - DEBUG - OUTPUT: PROJECT EXECUTION SUCCESSFUL
2026-03-10 17:46:50,910 - twister - DEBUG - OUTPUT: ===================================================================
2026-03-10 17:46:50,911 - twister - DEBUG - OUTPUT: START - test_co2_sample
2026-03-10 17:46:50,911 - twister - DEBUG - OUTPUT:  PASS - test_co2_sample in 0.000 seconds
2026-03-10 17:46:50,911 - twister - DEBUG - OUTPUT: ===================================================================
2026-03-10 17:46:50,911 - twister - DEBUG - OUTPUT: TESTSUITE co2_sensor_adapter_suite succeeded
2026-03-10 17:46:50,911 - twister - DEBUG - OUTPUT: Running TESTSUITE soil_capacitive_adapter_suite
2026-03-10 17:46:50,911 - twister - DEBUG - OUTPUT: ===================================================================
2026-03-10 17:46:50,912 - twister - DEBUG - OUTPUT: START - test_init
2026-03-10 17:46:50,912 - twister - DEBUG - OUTPUT:  PASS - test_init in 0.000 seconds
2026-03-10 17:46:50,912 - twister - DEBUG - Expected suite names:['soil_capacitive_adapter_suite', 'battery_sense_suite', 'co2_sensor_adapter_suite']
2026-03-10 17:46:50,912 - twister - DEBUG - Detected suite names:['battery_sense_suite', 'co2_sensor_adapter_suite', 'soil_capacitive_adapter_suite']
2026-03-10 17:46:50,912 - twister - DEBUG - run status: native_sim/native/host/sensors/co2_sensor_adapter.basic passed
2026-03-10 17:46:50,912 - twister - DEBUG - OUTPUT: ===================================================================
2026-03-10 17:46:50,912 - twister - DEBUG - OUTPUT: START - test_is_connected
2026-03-10 17:46:50,912 - twister - DEBUG - OUTPUT:  PASS - test_is_connected in 0.000 seconds
2026-03-10 17:46:50,913 - twister - DEBUG - OUTPUT: ===================================================================
2026-03-10 17:46:50,913 - twister - DEBUG - OUTPUT: START - test_sample
2026-03-10 17:46:50,913 - twister - DEBUG - OUTPUT:  PASS - test_sample in 0.000 seconds
2026-03-10 17:46:50,913 - twister - DEBUG - OUTPUT: ===================================================================
2026-03-10 17:46:50,913 - twister - DEBUG - OUTPUT: TESTSUITE soil_capacitive_adapter_suite succeeded
2026-03-10 17:46:50,913 - twister - DEBUG - OUTPUT: 
2026-03-10 17:46:50,914 - twister - DEBUG - OUTPUT: ------ TESTSUITE SUMMARY START ------
2026-03-10 17:46:50,914 - twister - DEBUG - OUTPUT: 
2026-03-10 17:46:50,914 - twister - DEBUG - OUTPUT: SUITE PASS - 100.00% [battery_sense_suite]: pass = 4, fail = 0, skip = 0, total = 4 duration = 0.000 seconds
2026-03-10 17:46:50,914 - twister - DEBUG - OUTPUT:  - PASS - [battery_sense_suite.test_init] duration = 0.000 seconds
2026-03-10 17:46:50,914 - twister - DEBUG - OUTPUT:  - PASS - [battery_sense_suite.test_is_connected] duration = 0.000 seconds
2026-03-10 17:46:50,914 - twister - DEBUG - OUTPUT:  - PASS - [battery_sense_suite.test_sample_ramp] duration = 0.000 seconds
2026-03-10 17:46:50,915 - twister - DEBUG - OUTPUT:  - PASS - [battery_sense_suite.test_sample_returns_valid_voltage] duration = 0.000 seconds
2026-03-10 17:46:50,915 - twister - DEBUG - OUTPUT: 
2026-03-10 17:46:50,915 - twister - DEBUG - OUTPUT: SUITE PASS - 100.00% [co2_sensor_adapter_suite]: pass = 2, fail = 0, skip = 0, total = 2 duration = 0.000 seconds
2026-03-10 17:46:50,915 - twister - DEBUG - OUTPUT:  - PASS - [co2_sensor_adapter_suite.test_co2_init] duration = 0.000 seconds
2026-03-10 17:46:50,915 - twister - INFO - 2/4 native_sim/native         sensors/co2_sensor_adapter.basic                   [32mPASSED[39m (native 0.020s <host>)
2026-03-10 17:46:50,915 - twister - DEBUG - OUTPUT:  - PASS - [co2_sensor_adapter_suite.test_co2_sample] duration = 0.000 seconds
2026-03-10 17:46:50,916 - twister - DEBUG - OUTPUT: 
2026-03-10 17:46:50,916 - twister - DEBUG - OUTPUT: SUITE PASS - 100.00% [soil_capacitive_adapter_suite]: pass = 3, fail = 0, skip = 0, total = 3 duration = 0.000 seconds
2026-03-10 17:46:50,916 - twister - DEBUG - OUTPUT:  - PASS - [soil_capacitive_adapter_suite.test_init] duration = 0.000 seconds
2026-03-10 17:46:50,916 - twister - DEBUG - OUTPUT:  - PASS - [soil_capacitive_adapter_suite.test_is_connected] duration = 0.000 seconds
2026-03-10 17:46:50,916 - twister - DEBUG - OUTPUT:  - PASS - [soil_capacitive_adapter_suite.test_sample] duration = 0.000 seconds
2026-03-10 17:46:50,917 - twister - DEBUG - OUTPUT: 
2026-03-10 17:46:50,917 - twister - DEBUG - OUTPUT: ------ TESTSUITE SUMMARY END ------
2026-03-10 17:46:50,917 - twister - DEBUG - OUTPUT: 
2026-03-10 17:46:50,917 - twister - DEBUG - OUTPUT: ===================================================================
2026-03-10 17:46:50,918 - twister - DEBUG - OUTPUT: RunID: 503b477180aa3701b4858a4c16e060f6
2026-03-10 17:46:50,918 - twister - DEBUG - OUTPUT: PROJECT EXECUTION SUCCESSFUL
2026-03-10 17:46:50,919 - twister - DEBUG - Expected suite names:['soil_capacitive_adapter_suite', 'battery_sense_suite', 'co2_sensor_adapter_suite']
2026-03-10 17:46:50,919 - twister - DEBUG - Detected suite names:['battery_sense_suite', 'co2_sensor_adapter_suite', 'soil_capacitive_adapter_suite']
2026-03-10 17:46:50,920 - twister - DEBUG - run status: native_sim/native/host/sensors/soil_capacitive_adapter.basic passed
2026-03-10 17:46:50,922 - twister - INFO - 3/4 native_sim/native         sensors/soil_capacitive_adapter.basic              [32mPASSED[39m (native 0.018s <host>)
2026-03-10 17:46:50,924 - twister - DEBUG - Test instance native_sim/native/host/sensors/battery_sense.basic already has 9 testcase(s) known: [<TestCase battery_sense.basic.battery_sense_suite.sample_returns_valid_voltage with None>, <TestCase battery_sense.basic.battery_sense_suite.sample_ramp with None>, <TestCase battery_sense.basic.co2_sensor_adapter_suite.co2_sample with None>, <TestCase battery_sense.basic.battery_sense_suite.is_connected with None>, <TestCase battery_sense.basic.soil_capacitive_adapter_suite.sample with None>, <TestCase battery_sense.basic.soil_capacitive_adapter_suite.is_connected with None>, <TestCase battery_sense.basic.battery_sense_suite.init with None>, <TestCase battery_sense.basic.soil_capacitive_adapter_suite.init with None>, <TestCase battery_sense.basic.co2_sensor_adapter_suite.co2_init with None>]
2026-03-10 17:46:50,924 - twister - DEBUG - Detected 9 Ztest case(s): [battery_sense.basic.battery_sense_suite.sample_ramp, battery_sense.basic.battery_sense_suite.sample_returns_valid_voltage, battery_sense.basic.battery_sense_suite.is_connected, battery_sense.basic.battery_sense_suite.init, battery_sense.basic.soil_capacitive_adapter_suite.sample, battery_sense.basic.soil_capacitive_adapter_suite.is_connected, battery_sense.basic.soil_capacitive_adapter_suite.init, battery_sense.basic.co2_sensor_adapter_suite.co2_sample, battery_sense.basic.co2_sensor_adapter_suite.co2_init] in /home/pavel/Projects/LoRaGro/FW-LoRaGro/twister-out/native_sim_native/host/sensors/battery_sense.basic/zephyr/zephyr.elf
2026-03-10 17:46:50,927 - twister - DEBUG - run test: native_sim/native/host/sensors/battery_sense.basic
2026-03-10 17:46:50,927 - twister - DEBUG - Reset instance status from 'passed' to None before run.
2026-03-10 17:46:50,927 - twister - DEBUG - Spawning process: /home/pavel/Projects/LoRaGro/FW-LoRaGro/twister-out/native_sim_native/host/sensors/battery_sense.basic/zephyr/zephyr.exe
in directory: /home/pavel/Projects/LoRaGro/FW-LoRaGro/twister-out/native_sim_native/host/sensors/battery_sense.basic
2026-03-10 17:46:50,928 - twister - DEBUG - Spawning BinaryHandler Thread for native_sim/native/host/sensors/battery_sense.basic
2026-03-10 17:46:50,929 - twister - DEBUG - OUTPUT: [00:00:00.000,000] [0m<dbg> regulator_fake: regulator_fake_init: === REGULATOR FAKE INIT START ===[0m
2026-03-10 17:46:50,930 - twister - DEBUG - OUTPUT: [00:00:00.000,000] [0m<dbg> regulator_fake: regulator_fake_init: Device: regulator-3v3[0m
2026-03-10 17:46:50,930 - twister - DEBUG - OUTPUT: [00:00:00.000,000] [0m<dbg> regulator_fake: fake_get_voltage: get_voltage: 3300000 uV[0m
2026-03-10 17:46:50,930 - twister - DEBUG - OUTPUT: [00:00:00.000,000] [0m<dbg> regulator_fake: regulator_fake_init: regulator_common_init returned: 0[0m
2026-03-10 17:46:50,930 - twister - DEBUG - OUTPUT: [00:00:00.000,000] [0m<dbg> regulator_fake: regulator_fake_init: === REGULATOR FAKE INIT END ===[0m
2026-03-10 17:46:50,931 - twister - DEBUG - OUTPUT: [00:00:00.000,000] [0m<dbg> scd41_fake: scd41_fake_init: Fake SCD41 CO2 sensor initialized[0m
2026-03-10 17:46:50,931 - twister - DEBUG - OUTPUT: *** Booting Zephyr OS build v4.2.0 ***
2026-03-10 17:46:50,931 - twister - DEBUG - OUTPUT: Running TESTSUITE battery_sense_suite
2026-03-10 17:46:50,932 - twister - DEBUG - OUTPUT: ===================================================================
2026-03-10 17:46:50,932 - twister - DEBUG - OUTPUT: START - test_init
2026-03-10 17:46:50,932 - twister - DEBUG - OUTPUT:  PASS - test_init in 0.000 seconds
2026-03-10 17:46:50,932 - twister - DEBUG - OUTPUT: ===================================================================
2026-03-10 17:46:50,932 - twister - DEBUG - OUTPUT: START - test_is_connected
2026-03-10 17:46:50,933 - twister - DEBUG - OUTPUT:  PASS - test_is_connected in 0.000 seconds
2026-03-10 17:46:50,933 - twister - DEBUG - OUTPUT: ===================================================================
2026-03-10 17:46:50,933 - twister - DEBUG - OUTPUT: START - test_sample_ramp
2026-03-10 17:46:50,933 - twister - DEBUG - OUTPUT:  PASS - test_sample_ramp in 0.000 seconds
2026-03-10 17:46:50,933 - twister - DEBUG - OUTPUT: ===================================================================
2026-03-10 17:46:50,933 - twister - DEBUG - OUTPUT: START - test_sample_returns_valid_voltage
2026-03-10 17:46:50,934 - twister - DEBUG - OUTPUT:  PASS - test_sample_returns_valid_voltage in 0.000 seconds
2026-03-10 17:46:50,934 - twister - DEBUG - OUTPUT: ===================================================================
2026-03-10 17:46:50,934 - twister - DEBUG - OUTPUT: TESTSUITE battery_sense_suite succeeded
2026-03-10 17:46:50,934 - twister - DEBUG - OUTPUT: Running TESTSUITE co2_sensor_adapter_suite
2026-03-10 17:46:50,934 - twister - DEBUG - OUTPUT: ===================================================================
2026-03-10 17:46:50,935 - twister - DEBUG - OUTPUT: START - test_co2_init
2026-03-10 17:46:50,935 - twister - DEBUG - OUTPUT:  PASS - test_co2_init in 0.000 seconds
2026-03-10 17:46:50,935 - twister - DEBUG - OUTPUT: ===================================================================
2026-03-10 17:46:50,935 - twister - DEBUG - OUTPUT: START - test_co2_sample
2026-03-10 17:46:50,935 - twister - DEBUG - OUTPUT:  PASS - test_co2_sample in 0.000 seconds
2026-03-10 17:46:50,935 - twister - DEBUG - OUTPUT: ===================================================================
2026-03-10 17:46:50,936 - twister - DEBUG - OUTPUT: TESTSUITE co2_sensor_adapter_suite succeeded
2026-03-10 17:46:50,936 - twister - DEBUG - OUTPUT: Running TESTSUITE soil_capacitive_adapter_suite
2026-03-10 17:46:50,936 - twister - DEBUG - OUTPUT: ===================================================================
2026-03-10 17:46:50,936 - twister - DEBUG - OUTPUT: START - test_init
2026-03-10 17:46:50,936 - twister - DEBUG - OUTPUT:  PASS - test_init in 0.000 seconds
2026-03-10 17:46:50,936 - twister - DEBUG - OUTPUT: ===================================================================
2026-03-10 17:46:50,937 - twister - DEBUG - OUTPUT: START - test_is_connected
2026-03-10 17:46:50,937 - twister - DEBUG - OUTPUT:  PASS - test_is_connected in 0.000 seconds
2026-03-10 17:46:50,937 - twister - DEBUG - OUTPUT: ===================================================================
2026-03-10 17:46:50,937 - twister - DEBUG - OUTPUT: START - test_sample
2026-03-10 17:46:50,937 - twister - DEBUG - OUTPUT:  PASS - test_sample in 0.000 seconds
2026-03-10 17:46:50,937 - twister - DEBUG - OUTPUT: ===================================================================
2026-03-10 17:46:50,938 - twister - DEBUG - OUTPUT: TESTSUITE soil_capacitive_adapter_suite succeeded
2026-03-10 17:46:50,938 - twister - DEBUG - OUTPUT: 
2026-03-10 17:46:50,938 - twister - DEBUG - OUTPUT: ------ TESTSUITE SUMMARY START ------
2026-03-10 17:46:50,938 - twister - DEBUG - OUTPUT: 
2026-03-10 17:46:50,938 - twister - DEBUG - OUTPUT: SUITE PASS - 100.00% [battery_sense_suite]: pass = 4, fail = 0, skip = 0, total = 4 duration = 0.000 seconds
2026-03-10 17:46:50,938 - twister - DEBUG - OUTPUT:  - PASS - [battery_sense_suite.test_init] duration = 0.000 seconds
2026-03-10 17:46:50,939 - twister - DEBUG - OUTPUT:  - PASS - [battery_sense_suite.test_is_connected] duration = 0.000 seconds
2026-03-10 17:46:50,939 - twister - DEBUG - OUTPUT:  - PASS - [battery_sense_suite.test_sample_ramp] duration = 0.000 seconds
2026-03-10 17:46:50,939 - twister - DEBUG - OUTPUT:  - PASS - [battery_sense_suite.test_sample_returns_valid_voltage] duration = 0.000 seconds
2026-03-10 17:46:50,939 - twister - DEBUG - OUTPUT: 
2026-03-10 17:46:50,939 - twister - DEBUG - OUTPUT: SUITE PASS - 100.00% [co2_sensor_adapter_suite]: pass = 2, fail = 0, skip = 0, total = 2 duration = 0.000 seconds
2026-03-10 17:46:50,939 - twister - DEBUG - OUTPUT:  - PASS - [co2_sensor_adapter_suite.test_co2_init] duration = 0.000 seconds
2026-03-10 17:46:50,940 - twister - DEBUG - OUTPUT:  - PASS - [co2_sensor_adapter_suite.test_co2_sample] duration = 0.000 seconds
2026-03-10 17:46:50,940 - twister - DEBUG - OUTPUT: 
2026-03-10 17:46:50,940 - twister - DEBUG - OUTPUT: SUITE PASS - 100.00% [soil_capacitive_adapter_suite]: pass = 3, fail = 0, skip = 0, total = 3 duration = 0.000 seconds
2026-03-10 17:46:50,940 - twister - DEBUG - OUTPUT:  - PASS - [soil_capacitive_adapter_suite.test_init] duration = 0.000 seconds
2026-03-10 17:46:50,941 - twister - DEBUG - OUTPUT:  - PASS - [soil_capacitive_adapter_suite.test_is_connected] duration = 0.000 seconds
2026-03-10 17:46:50,941 - twister - DEBUG - OUTPUT:  - PASS - [soil_capacitive_adapter_suite.test_sample] duration = 0.000 seconds
2026-03-10 17:46:50,941 - twister - DEBUG - OUTPUT: 
2026-03-10 17:46:50,941 - twister - DEBUG - OUTPUT: ------ TESTSUITE SUMMARY END ------
2026-03-10 17:46:50,941 - twister - DEBUG - OUTPUT: 
2026-03-10 17:46:50,942 - twister - DEBUG - OUTPUT: ===================================================================
2026-03-10 17:46:50,942 - twister - DEBUG - OUTPUT: RunID: 98e88e43bed417ece6195e8d0ee5a146
2026-03-10 17:46:50,942 - twister - DEBUG - OUTPUT: PROJECT EXECUTION SUCCESSFUL
2026-03-10 17:46:50,944 - twister - DEBUG - Expected suite names:['soil_capacitive_adapter_suite', 'battery_sense_suite', 'co2_sensor_adapter_suite']
2026-03-10 17:46:50,944 - twister - DEBUG - Detected suite names:['battery_sense_suite', 'co2_sensor_adapter_suite', 'soil_capacitive_adapter_suite']
2026-03-10 17:46:50,944 - twister - DEBUG - run status: native_sim/native/host/sensors/battery_sense.basic passed
2026-03-10 17:46:50,948 - twister - INFO - 4/4 native_sim/native         sensors/battery_sense.basic                        [32mPASSED[39m (native 0.015s <host>)
2026-03-10 17:46:50,956 - twister - INFO - 4 test scenarios (4 configurations) selected, 0 configurations filtered (0 by static filter, 0 at runtime).
2026-03-10 17:46:50,957 - twister - INFO - [32m4 of 4[39m executed test configurations passed (100.00%), 0 built (not run), 0 failed, 0 errored, with no warnings in 17.76 seconds.
2026-03-10 17:46:50,957 - twister - INFO - 29 of 29 executed test cases passed (100.00%) on 1 out of total 1115 platforms (0.09%).
2026-03-10 17:46:50,957 - twister - INFO - [32m4[39m test configurations executed on platforms, [36m0[39m test configurations were only built.
2026-03-10 17:46:50,957 - twister - INFO - Saving reports...
2026-03-10 17:46:50,957 - twister - INFO - Writing JSON report /home/pavel/Projects/LoRaGro/FW-LoRaGro/twister-out/twister.json
2026-03-10 17:46:50,958 - twister - INFO - Writing xunit report /home/pavel/Projects/LoRaGro/FW-LoRaGro/twister-out/twister.xml...
2026-03-10 17:46:50,960 - twister - INFO - Writing xunit report /home/pavel/Projects/LoRaGro/FW-LoRaGro/twister-out/twister_report.xml...
2026-03-10 17:46:50,963 - twister - INFO - Run completed
